Performing C SOURCE FILE Test CMAKE_HAVE_LIBC_PTHREAD failed with the following output:
Change Dir: /home/pi/RobotRPiArduino/CMakeFiles/CMakeTmp

Run Build Command(s):/usr/bin/make cmTC_e2ef2/fast && make[1]: Entering directory '/home/pi/RobotRPiArduino/CMakeFiles/CMakeTmp'
/usr/bin/make -f CMakeFiles/cmTC_e2ef2.dir/build.make CMakeFiles/cmTC_e2ef2.dir/build
make[2]: Entering directory '/home/pi/RobotRPiArduino/CMakeFiles/CMakeTmp'
Building C object CMakeFiles/cmTC_e2ef2.dir/src.c.o
/usr/bin/cc   -DCMAKE_HAVE_LIBC_PTHREAD   -o CMakeFiles/cmTC_e2ef2.dir/src.c.o   -c /home/pi/RobotRPiArduino/CMakeFiles/CMakeTmp/src.c
Linking C executable cmTC_e2ef2
/usr/bin/cmake -E cmake_link_script CMakeFiles/cmTC_e2ef2.dir/link.txt --verbose=1
/usr/bin/cc  -DCMAKE_HAVE_LIBC_PTHREAD    CMakeFiles/cmTC_e2ef2.dir/src.c.o  -o cmTC_e2ef2 
/usr/bin/ld: CMakeFiles/cmTC_e2ef2.dir/src.c.o: in function `main':
src.c:(.text+0x40): undefined reference to `pthread_create'
/usr/bin/ld: src.c:(.text+0x4c): undefined reference to `pthread_detach'
/usr/bin/ld: src.c:(.text+0x5c): undefined reference to `pthread_join'
collect2: error: ld returned 1 exit status
make[2]: *** [CMakeFiles/cmTC_e2ef2.dir/build.make:87: cmTC_e2ef2] Error 1
make[2]: Leaving directory '/home/pi/RobotRPiArduino/CMakeFiles/CMakeTmp'
make[1]: *** [Makefile:121: cmTC_e2ef2/fast] Error 2
make[1]: Leaving directory '/home/pi/RobotRPiArduino/CMakeFiles/CMakeTmp'


Source file was:
#include <pthread.h>

void* test_func(void* data)
{
  return data;
}

int main(void)
{
  pthread_t thread;
  pthread_create(&thread, NULL, test_func, NULL);
  pthread_detach(thread);
  pthread_join(thread, NULL);
  pthread_atfork(NULL, NULL, NULL);
  pthread_exit(NULL);

  return 0;
}

Determining if the function pthread_create exists in the pthreads failed with the following output:
Change Dir: /home/pi/RobotRPiArduino/CMakeFiles/CMakeTmp

Run Build Command(s):/usr/bin/make cmTC_c52e5/fast && make[1]: Entering directory '/home/pi/RobotRPiArduino/CMakeFiles/CMakeTmp'
/usr/bin/make -f CMakeFiles/cmTC_c52e5.dir/build.make CMakeFiles/cmTC_c52e5.dir/build
make[2]: Entering directory '/home/pi/RobotRPiArduino/CMakeFiles/CMakeTmp'
Building C object CMakeFiles/cmTC_c52e5.dir/CheckFunctionExists.c.o
/usr/bin/cc   -DCHECK_FUNCTION_EXISTS=pthread_create   -o CMakeFiles/cmTC_c52e5.dir/CheckFunctionExists.c.o   -c /usr/share/cmake-3.16/Modules/CheckFunctionExists.c
Linking C executable cmTC_c52e5
/usr/bin/cmake -E cmake_link_script CMakeFiles/cmTC_c52e5.dir/link.txt --verbose=1
/usr/bin/cc  -DCHECK_FUNCTION_EXISTS=pthread_create    CMakeFiles/cmTC_c52e5.dir/CheckFunctionExists.c.o  -o cmTC_c52e5  -lpthreads 
/usr/bin/ld: cannot find -lpthreads
collect2: error: ld returned 1 exit status
make[2]: *** [CMakeFiles/cmTC_c52e5.dir/build.make:87: cmTC_c52e5] Error 1
make[2]: Leaving directory '/home/pi/RobotRPiArduino/CMakeFiles/CMakeTmp'
make[1]: *** [Makefile:121: cmTC_c52e5/fast] Error 2
make[1]: Leaving directory '/home/pi/RobotRPiArduino/CMakeFiles/CMakeTmp'



Performing C SOURCE FILE Test CMAKE_HAVE_LIBC_PTHREAD failed with the following output:
Change Dir: /home/pi/RobotRPiArduino-master/CMakeFiles/CMakeTmp

Run Build Command(s):/usr/bin/make cmTC_b72ba/fast && /usr/bin/make -f CMakeFiles/cmTC_b72ba.dir/build.make CMakeFiles/cmTC_b72ba.dir/build
make[1]: Entering directory '/home/pi/RobotRPiArduino-master/CMakeFiles/CMakeTmp'
Building C object CMakeFiles/cmTC_b72ba.dir/src.c.o
/usr/bin/cc   -DCMAKE_HAVE_LIBC_PTHREAD   -o CMakeFiles/cmTC_b72ba.dir/src.c.o   -c /home/pi/RobotRPiArduino-master/CMakeFiles/CMakeTmp/src.c
Linking C executable cmTC_b72ba
/usr/bin/cmake -E cmake_link_script CMakeFiles/cmTC_b72ba.dir/link.txt --verbose=1
/usr/bin/cc  -DCMAKE_HAVE_LIBC_PTHREAD    CMakeFiles/cmTC_b72ba.dir/src.c.o  -o cmTC_b72ba 
/usr/bin/ld: CMakeFiles/cmTC_b72ba.dir/src.c.o: in function `main':
src.c:(.text+0x40): undefined reference to `pthread_create'
/usr/bin/ld: src.c:(.text+0x4c): undefined reference to `pthread_detach'
/usr/bin/ld: src.c:(.text+0x5c): undefined reference to `pthread_join'
collect2: error: ld returned 1 exit status
make[1]: *** [CMakeFiles/cmTC_b72ba.dir/build.make:87: cmTC_b72ba] Error 1
make[1]: Leaving directory '/home/pi/RobotRPiArduino-master/CMakeFiles/CMakeTmp'
make: *** [Makefile:121: cmTC_b72ba/fast] Error 2


Source file was:
#include <pthread.h>

void* test_func(void* data)
{
  return data;
}

int main(void)
{
  pthread_t thread;
  pthread_create(&thread, NULL, test_func, NULL);
  pthread_detach(thread);
  pthread_join(thread, NULL);
  pthread_atfork(NULL, NULL, NULL);
  pthread_exit(NULL);

  return 0;
}

Determining if the function pthread_create exists in the pthreads failed with the following output:
Change Dir: /home/pi/RobotRPiArduino-master/CMakeFiles/CMakeTmp

Run Build Command(s):/usr/bin/make cmTC_a462b/fast && /usr/bin/make -f CMakeFiles/cmTC_a462b.dir/build.make CMakeFiles/cmTC_a462b.dir/build
make[1]: Entering directory '/home/pi/RobotRPiArduino-master/CMakeFiles/CMakeTmp'
Building C object CMakeFiles/cmTC_a462b.dir/CheckFunctionExists.c.o
/usr/bin/cc   -DCHECK_FUNCTION_EXISTS=pthread_create   -o CMakeFiles/cmTC_a462b.dir/CheckFunctionExists.c.o   -c /usr/share/cmake-3.16/Modules/CheckFunctionExists.c
Linking C executable cmTC_a462b
/usr/bin/cmake -E cmake_link_script CMakeFiles/cmTC_a462b.dir/link.txt --verbose=1
/usr/bin/cc  -DCHECK_FUNCTION_EXISTS=pthread_create    CMakeFiles/cmTC_a462b.dir/CheckFunctionExists.c.o  -o cmTC_a462b  -lpthreads 
/usr/bin/ld: cannot find -lpthreads
collect2: error: ld returned 1 exit status
make[1]: *** [CMakeFiles/cmTC_a462b.dir/build.make:87: cmTC_a462b] Error 1
make[1]: Leaving directory '/home/pi/RobotRPiArduino-master/CMakeFiles/CMakeTmp'
make: *** [Makefile:121: cmTC_a462b/fast] Error 2



Performing C SOURCE FILE Test CMAKE_HAVE_LIBC_PTHREAD failed with the following output:
Change Dir: /home/pi/oldversion/RobotRPiArduino/CMakeFiles/CMakeTmp

Run Build Command(s):/usr/bin/make cmTC_10ce1/fast && /usr/bin/make -f CMakeFiles/cmTC_10ce1.dir/build.make CMakeFiles/cmTC_10ce1.dir/build
make[1]: Entering directory '/home/pi/oldversion/RobotRPiArduino/CMakeFiles/CMakeTmp'
Building C object CMakeFiles/cmTC_10ce1.dir/src.c.o
/usr/bin/cc   -DCMAKE_HAVE_LIBC_PTHREAD   -o CMakeFiles/cmTC_10ce1.dir/src.c.o   -c /home/pi/oldversion/RobotRPiArduino/CMakeFiles/CMakeTmp/src.c
Linking C executable cmTC_10ce1
/usr/bin/cmake -E cmake_link_script CMakeFiles/cmTC_10ce1.dir/link.txt --verbose=1
/usr/bin/cc  -DCMAKE_HAVE_LIBC_PTHREAD    CMakeFiles/cmTC_10ce1.dir/src.c.o  -o cmTC_10ce1 
/usr/bin/ld: CMakeFiles/cmTC_10ce1.dir/src.c.o: in function `main':
src.c:(.text+0x40): undefined reference to `pthread_create'
/usr/bin/ld: src.c:(.text+0x4c): undefined reference to `pthread_detach'
/usr/bin/ld: src.c:(.text+0x5c): undefined reference to `pthread_join'
collect2: error: ld returned 1 exit status
make[1]: *** [CMakeFiles/cmTC_10ce1.dir/build.make:87: cmTC_10ce1] Error 1
make[1]: Leaving directory '/home/pi/oldversion/RobotRPiArduino/CMakeFiles/CMakeTmp'
make: *** [Makefile:121: cmTC_10ce1/fast] Error 2


Source file was:
#include <pthread.h>

void* test_func(void* data)
{
  return data;
}

int main(void)
{
  pthread_t thread;
  pthread_create(&thread, NULL, test_func, NULL);
  pthread_detach(thread);
  pthread_join(thread, NULL);
  pthread_atfork(NULL, NULL, NULL);
  pthread_exit(NULL);

  return 0;
}

Determining if the function pthread_create exists in the pthreads failed with the following output:
Change Dir: /home/pi/oldversion/RobotRPiArduino/CMakeFiles/CMakeTmp

Run Build Command(s):/usr/bin/make cmTC_37b62/fast && /usr/bin/make -f CMakeFiles/cmTC_37b62.dir/build.make CMakeFiles/cmTC_37b62.dir/build
make[1]: Entering directory '/home/pi/oldversion/RobotRPiArduino/CMakeFiles/CMakeTmp'
Building C object CMakeFiles/cmTC_37b62.dir/CheckFunctionExists.c.o
/usr/bin/cc   -DCHECK_FUNCTION_EXISTS=pthread_create   -o CMakeFiles/cmTC_37b62.dir/CheckFunctionExists.c.o   -c /usr/share/cmake-3.16/Modules/CheckFunctionExists.c
Linking C executable cmTC_37b62
/usr/bin/cmake -E cmake_link_script CMakeFiles/cmTC_37b62.dir/link.txt --verbose=1
/usr/bin/cc  -DCHECK_FUNCTION_EXISTS=pthread_create    CMakeFiles/cmTC_37b62.dir/CheckFunctionExists.c.o  -o cmTC_37b62  -lpthreads 
/usr/bin/ld: cannot find -lpthreads
collect2: error: ld returned 1 exit status
make[1]: *** [CMakeFiles/cmTC_37b62.dir/build.make:87: cmTC_37b62] Error 1
make[1]: Leaving directory '/home/pi/oldversion/RobotRPiArduino/CMakeFiles/CMakeTmp'
make: *** [Makefile:121: cmTC_37b62/fast] Error 2



Performing C SOURCE FILE Test CMAKE_HAVE_LIBC_PTHREAD failed with the following output:
Change Dir: /home/pi/oldversion/RobotRPiArduino/CMakeFiles/CMakeTmp

Run Build Command(s):/usr/bin/make cmTC_6f2bb/fast && /usr/bin/make -f CMakeFiles/cmTC_6f2bb.dir/build.make CMakeFiles/cmTC_6f2bb.dir/build
make[1]: Entering directory '/home/pi/oldversion/RobotRPiArduino/CMakeFiles/CMakeTmp'
Building C object CMakeFiles/cmTC_6f2bb.dir/src.c.o
/usr/bin/cc   -DCMAKE_HAVE_LIBC_PTHREAD   -o CMakeFiles/cmTC_6f2bb.dir/src.c.o   -c /home/pi/oldversion/RobotRPiArduino/CMakeFiles/CMakeTmp/src.c
Linking C executable cmTC_6f2bb
/usr/bin/cmake -E cmake_link_script CMakeFiles/cmTC_6f2bb.dir/link.txt --verbose=1
/usr/bin/cc  -DCMAKE_HAVE_LIBC_PTHREAD    CMakeFiles/cmTC_6f2bb.dir/src.c.o  -o cmTC_6f2bb 
/usr/bin/ld: CMakeFiles/cmTC_6f2bb.dir/src.c.o: in function `main':
src.c:(.text+0x40): undefined reference to `pthread_create'
/usr/bin/ld: src.c:(.text+0x4c): undefined reference to `pthread_detach'
/usr/bin/ld: src.c:(.text+0x5c): undefined reference to `pthread_join'
collect2: error: ld returned 1 exit status
make[1]: *** [CMakeFiles/cmTC_6f2bb.dir/build.make:87: cmTC_6f2bb] Error 1
make[1]: Leaving directory '/home/pi/oldversion/RobotRPiArduino/CMakeFiles/CMakeTmp'
make: *** [Makefile:121: cmTC_6f2bb/fast] Error 2


Source file was:
#include <pthread.h>

void* test_func(void* data)
{
  return data;
}

int main(void)
{
  pthread_t thread;
  pthread_create(&thread, NULL, test_func, NULL);
  pthread_detach(thread);
  pthread_join(thread, NULL);
  pthread_atfork(NULL, NULL, NULL);
  pthread_exit(NULL);

  return 0;
}

Determining if the function pthread_create exists in the pthreads failed with the following output:
Change Dir: /home/pi/oldversion/RobotRPiArduino/CMakeFiles/CMakeTmp

Run Build Command(s):/usr/bin/make cmTC_47fab/fast && /usr/bin/make -f CMakeFiles/cmTC_47fab.dir/build.make CMakeFiles/cmTC_47fab.dir/build
make[1]: Entering directory '/home/pi/oldversion/RobotRPiArduino/CMakeFiles/CMakeTmp'
Building C object CMakeFiles/cmTC_47fab.dir/CheckFunctionExists.c.o
/usr/bin/cc   -DCHECK_FUNCTION_EXISTS=pthread_create   -o CMakeFiles/cmTC_47fab.dir/CheckFunctionExists.c.o   -c /usr/share/cmake-3.16/Modules/CheckFunctionExists.c
Linking C executable cmTC_47fab
/usr/bin/cmake -E cmake_link_script CMakeFiles/cmTC_47fab.dir/link.txt --verbose=1
/usr/bin/cc  -DCHECK_FUNCTION_EXISTS=pthread_create    CMakeFiles/cmTC_47fab.dir/CheckFunctionExists.c.o  -o cmTC_47fab  -lpthreads 
/usr/bin/ld: cannot find -lpthreads
collect2: error: ld returned 1 exit status
make[1]: *** [CMakeFiles/cmTC_47fab.dir/build.make:87: cmTC_47fab] Error 1
make[1]: Leaving directory '/home/pi/oldversion/RobotRPiArduino/CMakeFiles/CMakeTmp'
make: *** [Makefile:121: cmTC_47fab/fast] Error 2



Performing C SOURCE FILE Test CMAKE_HAVE_LIBC_PTHREAD failed with the following output:
Change Dir: /home/pi/oldversion/RobotRPiArduino/CMakeFiles/CMakeTmp

Run Build Command(s):/usr/bin/make cmTC_6d168/fast && /usr/bin/make -f CMakeFiles/cmTC_6d168.dir/build.make CMakeFiles/cmTC_6d168.dir/build
make[1]: Entering directory '/home/pi/oldversion/RobotRPiArduino/CMakeFiles/CMakeTmp'
Building C object CMakeFiles/cmTC_6d168.dir/src.c.o
/usr/bin/cc   -DCMAKE_HAVE_LIBC_PTHREAD   -o CMakeFiles/cmTC_6d168.dir/src.c.o   -c /home/pi/oldversion/RobotRPiArduino/CMakeFiles/CMakeTmp/src.c
Linking C executable cmTC_6d168
/usr/bin/cmake -E cmake_link_script CMakeFiles/cmTC_6d168.dir/link.txt --verbose=1
/usr/bin/cc  -DCMAKE_HAVE_LIBC_PTHREAD    CMakeFiles/cmTC_6d168.dir/src.c.o  -o cmTC_6d168 
/usr/bin/ld: CMakeFiles/cmTC_6d168.dir/src.c.o: in function `main':
src.c:(.text+0x40): undefined reference to `pthread_create'
/usr/bin/ld: src.c:(.text+0x4c): undefined reference to `pthread_detach'
/usr/bin/ld: src.c:(.text+0x5c): undefined reference to `pthread_join'
collect2: error: ld returned 1 exit status
make[1]: *** [CMakeFiles/cmTC_6d168.dir/build.make:87: cmTC_6d168] Error 1
make[1]: Leaving directory '/home/pi/oldversion/RobotRPiArduino/CMakeFiles/CMakeTmp'
make: *** [Makefile:121: cmTC_6d168/fast] Error 2


Source file was:
#include <pthread.h>

void* test_func(void* data)
{
  return data;
}

int main(void)
{
  pthread_t thread;
  pthread_create(&thread, NULL, test_func, NULL);
  pthread_detach(thread);
  pthread_join(thread, NULL);
  pthread_atfork(NULL, NULL, NULL);
  pthread_exit(NULL);

  return 0;
}

Determining if the function pthread_create exists in the pthreads failed with the following output:
Change Dir: /home/pi/oldversion/RobotRPiArduino/CMakeFiles/CMakeTmp

Run Build Command(s):/usr/bin/make cmTC_6e332/fast && /usr/bin/make -f CMakeFiles/cmTC_6e332.dir/build.make CMakeFiles/cmTC_6e332.dir/build
make[1]: Entering directory '/home/pi/oldversion/RobotRPiArduino/CMakeFiles/CMakeTmp'
Building C object CMakeFiles/cmTC_6e332.dir/CheckFunctionExists.c.o
/usr/bin/cc   -DCHECK_FUNCTION_EXISTS=pthread_create   -o CMakeFiles/cmTC_6e332.dir/CheckFunctionExists.c.o   -c /usr/share/cmake-3.16/Modules/CheckFunctionExists.c
Linking C executable cmTC_6e332
/usr/bin/cmake -E cmake_link_script CMakeFiles/cmTC_6e332.dir/link.txt --verbose=1
/usr/bin/cc  -DCHECK_FUNCTION_EXISTS=pthread_create    CMakeFiles/cmTC_6e332.dir/CheckFunctionExists.c.o  -o cmTC_6e332  -lpthreads 
/usr/bin/ld: cannot find -lpthreads
collect2: error: ld returned 1 exit status
make[1]: *** [CMakeFiles/cmTC_6e332.dir/build.make:87: cmTC_6e332] Error 1
make[1]: Leaving directory '/home/pi/oldversion/RobotRPiArduino/CMakeFiles/CMakeTmp'
make: *** [Makefile:121: cmTC_6e332/fast] Error 2



